#
# A fatal error has been detected by the Java Runtime Environment:
#
#  EXCEPTION_ACCESS_VIOLATION (0xc0000005) at pc=0x00007ffad6bf5deb, pid=74484, tid=43924
#
# JRE version: OpenJDK Runtime Environment (24.0+36) (build 24+36-3646)
# Java VM: OpenJDK 64-Bit Server VM (24+36-3646, mixed mode, emulated-client, sharing, tiered, compressed oops, compressed class ptrs, g1 gc, windows-amd64)
# Problematic frame:
# C  [libasyncProfiler.dll+0xa5deb]
#
# No core dump will be written. Minidumps are not enabled by default on client versions of Windows
#
# JFR recording file will be written. Location: C:\Users\bestr\Documents\finControlBack\hs_err_pid74484.jfr
#
# If you would like to submit a bug report, please visit:
#   https://bugreport.java.com/bugreport/crash.jsp
# The crash happened outside the Java Virtual Machine in native code.
# See problematic frame for where to report the bug.
#

---------------  S U M M A R Y ------------

Command Line: -XX:TieredStopAtLevel=1 -Dspring.output.ansi.enabled=always -Dcom.sun.management.jmxremote -Dspring.jmx.enabled=true -Dspring.liveBeansView.mbeanDomain -Dspring.application.admin.enabled=true -Dmanagement.endpoints.jmx.exposure.include=* -javaagent:C:\Program Files\JetBrains\IntelliJ IDEA 2024.1.4\lib\idea_rt.jar=50805:C:\Program Files\JetBrains\IntelliJ IDEA 2024.1.4\bin -agentpath:C:\Users\bestr\AppData\Local\Temp\idea_libasyncProfiler_dll_temp_folder\libasyncProfiler.dll=start,jfr,event=wall,interval=10ms,jfrsync=profile,cstack=no,file=C:\Users\bestr\IdeaSnapshots\FinControlApplication_2025_06_03_183931.jfr,dbghelppath=C:\Users\bestr\AppData\Local\Temp\idea_dbghelp_dll_temp_folder\dbghelp.dll,log=C:\Users\bestr\AppData\Local\Temp\FinControlApplication_2025_06_03_183931.jfr.log.txt,logLevel=DEBUG -Dfile.encoding=UTF-8 -Dsun.stdout.encoding=UTF-8 -Dsun.stderr.encoding=UTF-8 fincontrol.com.fincontrol.FinControlApplication

Host: 12th Gen Intel(R) Core(TM) i5-12450H, 12 cores, 23G,  Windows 11 , 64 bit Build 26100 (10.0.26100.3912)
Time: Tue Jun  3 18:39:32 2025 Hora oficial do Brasil elapsed time: 0.615535 seconds (0d 0h 0m 0s)

---------------  T H R E A D  ---------------

Current thread (0x00000209c69c9ee0):  JavaThread "main"             [_thread_in_native, id=43924, stack(0x0000000e63c00000,0x0000000e63d00000) (1024K)]

Stack: [0x0000000e63c00000,0x0000000e63d00000],  sp=0x0000000e63cfe920,  free space=1018k
Native frames: (J=compiled Java code, j=interpreted, Vv=VM code, C=native code)
C  [libasyncProfiler.dll+0xa5deb]  (no source info available)
C  [libasyncProfiler.dll+0xa61ab]  (no source info available)
C  [libasyncProfiler.dll+0xa4fd4]  (no source info available)
C  [libasyncProfiler.dll+0xa58b7]  (no source info available)
C  [libasyncProfiler.dll+0xa00fb]  (no source info available)
C  [libasyncProfiler.dll+0x91efe]  (no source info available)
C  [libasyncProfiler.dll+0x90810]  (no source info available)
C  [libasyncProfiler.dll+0x906e4]  (no source info available)
C  [libasyncProfiler.dll+0x96f46]  (no source info available)
V  [jvm.dll+0x5e3a5e]  (no source info available)
V  [jvm.dll+0x8861e6]  (no source info available)
V  [jvm.dll+0x49604e]  (no source info available)
V  [jvm.dll+0x497e21]  (no source info available)
C  [jli.dll+0x52a1]  (no source info available)
C  [ucrtbase.dll+0x37b0]  (no source info available)
C  [KERNEL32.DLL+0x2e8d7]  (no source info available)
C  [ntdll.dll+0x9c5dc]  (no source info available)


siginfo: EXCEPTION_ACCESS_VIOLATION (0xc0000005), reading address 0xffffffffffffffff


Registers:
RAX=0x0000000000000010, RBX=0x0000000000000000, RCX=0xffffffffffffffff, RDX=0x007ffa65f42ff010
RSP=0x0000000e63cfe920, RBP=0x0000020a1a39a058, RSI=0x0000000e63cfea58, RDI=0x0000020a1a39a058
R8 =0x0000000000000042, R9 =0x000000069c001ee8, R10=0x00007ffa661b9fc0, R11=0x0000000000000002
R12=0x0000000e63cfea58, R13=0x00000209bbc01550, R14=0x00000209c69ca2a8, R15=0x000000000000001a
RIP=0x00007ffad6bf5deb, EFLAGS=0x0000000000010202

XMM[0]=0x0000000000000000 0x0000000000000000
XMM[1]=0x0000000000000000 0x0000000000000000
XMM[2]=0x0000000000000000 0x0000000000000000
XMM[3]=0x0000000000000000 0x0000000000000000
XMM[4]=0x0000000000000000 0x0000000000000000
XMM[5]=0x0000000000000000 0x0000000000000000
XMM[6]=0x0000000000000000 0x0000000000000000
XMM[7]=0x0000000000000000 0x0000000000000000
XMM[8]=0x0000000000000000 0x0000000000000000
XMM[9]=0x0000000000000000 0x0000000000000000
XMM[10]=0x0000000000000000 0x0000000000000000
XMM[11]=0x0000000000000000 0x0000000000000000
XMM[12]=0x0000000000000000 0x0000000000000000
XMM[13]=0x0000000000000000 0x0000000000000000
XMM[14]=0x0000000000000000 0x0000000000000000
XMM[15]=0x0000000000000000 0x0000000000000000
  MXCSR=0x00001fa0


Register to memory mapping:

RAX=0x0000000000000010 is an unknown value
RBX=0x0 is null
RCX=0xffffffffffffffff is an unknown value
RDX=0x007ffa65f42ff010 is an unknown value
RSP=0x0000000e63cfe920 is pointing into the stack for thread: 0x00000209c69c9ee0
RBP=0x0000020a1a39a058 points into unknown readable memory: 0x000000069c001ee8 | e8 1e 00 9c 06 00 00 00
RSI=0x0000000e63cfea58 is pointing into the stack for thread: 0x00000209c69c9ee0
RDI=0x0000020a1a39a058 points into unknown readable memory: 0x000000069c001ee8 | e8 1e 00 9c 06 00 00 00
R8 =0x0000000000000042 is an unknown value
R9 =0x000000069c001ee8 is an oop: java.lang.Thread 
{0x000000069c001ee8} - klass: 'java/lang/Thread' - flags: 

 - ---- fields (total size 14 words):
 - 'threadLocalRandomProbe' 'I' @12  0 (0x00000000)
 - private volatile 'eetop' 'J' @16  2241010114272 (0x00000209c69c9ee0)
 - private final 'tid' 'J' @24  3 (0x0000000000000003)
 - 'threadLocalRandomSeed' 'J' @32  0 (0x0000000000000000)
 - injected 'jvmti_thread_state' 'J' @40  2240824138144 (0x00000209bb86d9a0)
 - 'threadLocalRandomSecondarySeed' 'I' @48  0 (0x00000000)
 - injected 'jvmti_VTMS_transition_disable_count' 'I' @52  0 (0x00000000)
 - injected 'jfr_epoch' 'S' @56  0 (0x0000)
 - volatile 'interrupted' 'Z' @58  false (0x00)
 - injected 'jvmti_is_in_VTMS_transition' 'Z' @59  false (0x00)
 - private volatile 'name' 'Ljava/lang/String;' @60  "main"{0x000000069c001f58} (0xd38003eb)
 - private volatile 'contextClassLoader' 'Ljava/lang/ClassLoader;' @64  a 'jdk/internal/loader/ClassLoaders$AppClassLoader'{0x000000069c047788} (0xd3808ef1)
 - private final 'holder' 'Ljava/lang/Thread$FieldHolder;' @68  a 'java/lang/Thread$FieldHolder'{0x000000069c001f98} (0xd38003f3)
 - 'threadLocals' 'Ljava/lang/ThreadLocal$ThreadLocalMap;' @72  a 'java/lang/ThreadLocal$ThreadLocalMap'{0x000000069bc46870} (0xd3788d0e)
 - 'inheritableThreadLocals' 'Ljava/lang/ThreadLocal$ThreadLocalMap;' @76  null (0x00000000)
 - private 'scopedValueBindings' 'Ljava/lang/Object;' @80  a 'java/lang/Class'{0x00000007ffc7c280} = 'java/lang/Thread' (0xfff8f850)
 - final 'interruptLock' 'Ljava/lang/Object;' @84  a 'java/lang/Object'{0x000000069c001f88} (0xd38003f1)
 - private volatile 'parkBlocker' 'Ljava/lang/Object;' @88  null (0x00000000)
 - private 'nioBlocker' 'Lsun/nio/ch/Interruptible;' @92  null (0x00000000)
 - private 'cont' 'Ljdk/internal/vm/Continuation;' @96  null (0x00000000)
 - private volatile 'uncaughtExceptionHandler' 'Ljava/lang/Thread$UncaughtExceptionHandler;' @100  null (0x00000000)
 - private 'container' 'Ljdk/internal/vm/ThreadContainer;' @104  null (0x00000000)
 - private volatile 'headStackableScopes' 'Ljdk/internal/vm/StackableScope;' @108  null (0x00000000)
R10=0x00007ffa661b9fc0 jvm.dll
R11=0x0000000000000002 is an unknown value
R12=0x0000000e63cfea58 is pointing into the stack for thread: 0x00000209c69c9ee0
R13=0x00000209bbc01550 points into unknown readable memory: 0x00007ffa6612a510 | 10 a5 12 66 fa 7f 00 00
R14=0x00000209c69ca2a8 points into unknown readable memory: 0x00007ffa661217b0 | b0 17 12 66 fa 7f 00 00
R15=0x000000000000001a is an unknown value

Top of Stack: (sp=0x0000000e63cfe920)
0x0000000e63cfe920:   0000000e63cfea58 0000020a1a39a058   X..c....X.9.....
0x0000000e63cfe930:   0000000000000000 000000000000074c   ........L.......
0x0000000e63cfe940:   0000020a1b9550c0 00007ffad6bf61ab   .P.......a......
0x0000000e63cfe950:   0000000000000000 00000209c69ca2a8   ................
0x0000000e63cfe960:   0000000000000000 0000020a1b9550c0   .........P......
0x0000000e63cfe970:   00000209c69ca2a8 00007ffad6bf4fd4   .........O......
0x0000000e63cfe980:   0000000000000000 000000000000001a   ................
0x0000000e63cfe990:   0000000000000000 0000020a1b9550c0   .........P......
0x0000000e63cfe9a0:   00007ffa00000009 0000020a1b96df20   ........ .......
0x0000000e63cfe9b0:   fffffffffffffffe 0000020a1b9550c0   .........P......
0x0000000e63cfe9c0:   0000020a1b955128 0000020a1b955130   (Q......0Q......
0x0000000e63cfe9d0:   0000000000012b14 0000000000000000   .+..............
0x0000000e63cfe9e0:   0000000000000000 0000000000000000   ................
0x0000000e63cfe9f0:   00007ffad6d8e040 0000000000000001   @...............
0x0000000e63cfea00:   0000000000000000 0000000000000000   ................
0x0000000e63cfea10:   00007ffad6d9db30 00007ffad6bf58b7   0........X......
0x0000000e63cfea20:   00000209c69ca2a8 00000000000122f4   ........."......
0x0000000e63cfea30:   0000000e63cfeaa0 00000000ffffffff   ...c............
0x0000000e63cfea40:   3030303030303031 0000000000000000   10000000........
0x0000000e63cfea50:   0000000000108b58 0000020a1b9620c0   X........ ......
0x0000000e63cfea60:   0000020a1b962400 0000020a1b962400   .$.......$......
0x0000000e63cfea70:   00000209c69ca2a8 00000209c69ca2a8   ................
0x0000000e63cfea80:   fffffffffffffffe 00007ffad6d9db30   ........0.......
0x0000000e63cfea90:   00000209bbc25cd8 0000000e63cfec08   .\.........c....
0x0000000e63cfeaa0:   00007ffad6d8e040 00007ffad6d8e040   @.......@.......
0x0000000e63cfeab0:   0000000000000000 00007ffad6d9db80   ................
0x0000000e63cfeac0:   0000000000989680 0000000e63cfedb8   ...........c....
0x0000000e63cfead0:   0000000e63cfebe0 00007ffad6bf00fb   ...c............
0x0000000e63cfeae0:   00007ffad6d9db88 00007ffb37b6eb81   ...........7....
0x0000000e63cfeaf0:   00007ffad6d9db88 005ed80e00001000   ..............^.
0x0000000e63cfeb00:   006af7ff00000001 0000000000010000   ......j.........
0x0000000e63cfeb10:   0000000000010000 00007ffffffeffff   ................

Instructions: (pc=0x00007ffad6bf5deb)
  0x00007ffad6bf5ceb:   cc cc cc cc cc cc cc cc cc cc cc cc cc cc cc cc
  0x00007ffad6bf5cfb:   cc cc cc cc cc cc cc cc cc cc cc cc cc cc cc cc
  0x00007ffad6bf5d0b:   cc cc cc cc cc cc cc cc cc cc cc cc cc cc cc cc
  0x00007ffad6bf5d1b:   cc cc cc cc cc cc cc cc cc cc cc cc cc cc cc cc
  0x00007ffad6bf5d2b:   cc cc cc cc cc cc cc cc cc cc cc cc cc cc cc cc
  0x00007ffad6bf5d3b:   cc cc cc cc cc cc cc cc cc cc cc cc cc cc cc cc
  0x00007ffad6bf5d4b:   cc cc cc cc cc cc cc cc cc cc cc cc cc cc cc cc
  0x00007ffad6bf5d5b:   cc cc cc cc cc cc cc cc cc cc cc cc cc cc cc cc
  0x00007ffad6bf5d6b:   cc cc cc cc cc cc cc cc cc cc cc cc cc cc cc cc
  0x00007ffad6bf5d7b:   cc cc cc cc cc 48 89 5c 24 08 57 48 83 ec 20 48
  0x00007ffad6bf5d8b:   8b f9 48 8d 54 24 38 48 8b 0d 77 7f 1a 00 41 b8
  0x00007ffad6bf5d9b:   06 00 01 00 48 8b 01 4c 8b 48 30 41 ff d1 4c 8b
  0x00007ffad6bf5dab:   05 70 80 1a 00 33 c9 85 c0 48 0f 44 4c 24 38 4d
  0x00007ffad6bf5dbb:   85 c0 74 4a 48 8b 01 48 8b d7 4c 8b 88 28 03 00
  0x00007ffad6bf5dcb:   00 41 ff d1 48 85 c0 74 35 48 63 0d 59 1f 1a 00
  0x00007ffad6bf5ddb:   48 8b 14 01 48 85 d2 74 15 48 63 05 5d 1f 1a 00
=>0x00007ffad6bf5deb:   8b 04 10 48 8b 5c 24 30 48 83 c4 20 5f c3 b8 ff
  0x00007ffad6bf5dfb:   ff ff ff 48 8b 5c 24 30 48 83 c4 20 5f c3 80 3d
  0x00007ffad6bf5e0b:   14 7f 1a 00 00 bb ff ff ff ff 74 20 4c 8b 0d aa
  0x00007ffad6bf5e1b:   7b 1a 00 4c 8d 44 24 38 48 8b 0d 8e 7b 1a 00 48
  0x00007ffad6bf5e2b:   8b d7 41 ff d1 85 c0 0f 44 5c 24 38 8b c3 48 8b
  0x00007ffad6bf5e3b:   5c 24 30 48 83 c4 20 5f c3 cc cc cc cc cc cc cc
  0x00007ffad6bf5e4b:   cc cc cc cc cc cc cc cc cc cc cc cc cc cc cc cc
  0x00007ffad6bf5e5b:   cc cc cc cc cc cc cc cc cc cc cc cc cc cc cc cc
  0x00007ffad6bf5e6b:   cc cc cc cc cc cc cc cc cc cc cc cc cc cc cc cc
  0x00007ffad6bf5e7b:   cc cc cc cc cc 40 57 48 83 ec 30 48 c7 44 24 20
  0x00007ffad6bf5e8b:   fe ff ff ff 48 89 5c 24 50 48 8b fa 48 8b d9 48
  0x00007ffad6bf5e9b:   89 4c 24 40 b9 01 00 00 00 33 c0 f0 0f b1 0b 74
  0x00007ffad6bf5eab:   04 f3 90 eb f4 48 8d 53 08 48 8b cf e8 aa f5 f5
  0x00007ffad6bf5ebb:   ff 90 b8 ff ff ff ff f0 0f c1 03 48 8b c7 48 8b
  0x00007ffad6bf5ecb:   5c 24 50 48 83 c4 30 5f c3 cc cc cc cc cc cc cc
  0x00007ffad6bf5edb:   cc cc cc cc cc cc cc cc cc cc cc cc cc cc cc cc


Stack slot to memory mapping:

stack at sp + 0 slots: 0x0000000e63cfea58 is pointing into the stack for thread: 0x00000209c69c9ee0
stack at sp + 1 slots: 0x0000020a1a39a058 points into unknown readable memory: 0x000000069c001ee8 | e8 1e 00 9c 06 00 00 00
stack at sp + 2 slots: 0x0 is null
stack at sp + 3 slots: 0x000000000000074c is an unknown value
stack at sp + 4 slots: 0x0000020a1b9550c0 points into unknown readable memory: 0x0000e04c000181e0 | e0 81 01 00 4c e0 00 00
stack at sp + 5 slots: 0x00007ffad6bf61ab libasyncProfiler.dll
stack at sp + 6 slots: 0x0 is null
stack at sp + 7 slots: 0x00000209c69ca2a8 points into unknown readable memory: 0x00007ffa661217b0 | b0 17 12 66 fa 7f 00 00

Lock stack of current Java thread (top to bottom):


---------------  P R O C E S S  ---------------

Threads class SMR info:
_java_thread_list=0x0000020a1b9abe90, length=15, elements={
0x00000209c69c9ee0, 0x00000209c6b46f20, 0x00000209c6b47860, 0x00000209c6b4e3c0,
0x00000209d491e700, 0x00000209d49259f0, 0x00000209d4948120, 0x00000209d49492e0,
0x00000209d49f0310, 0x00000209d4a28af0, 0x00000209d4a2b290, 0x00000209d4a2ba20,
0x0000020a1a3955e0, 0x0000020a1aa71570, 0x0000020a1b9b0f60
}

Java Threads: ( => current thread )
=>0x00000209c69c9ee0 JavaThread "main"                              [_thread_in_native, id=43924, stack(0x0000000e63c00000,0x0000000e63d00000) (1024K)]
  0x00000209c6b46f20 JavaThread "Reference Handler"          daemon [_thread_blocked, id=55036, stack(0x0000000e64400000,0x0000000e64500000) (1024K)]
  0x00000209c6b47860 JavaThread "Finalizer"                  daemon [_thread_blocked, id=99144, stack(0x0000000e64500000,0x0000000e64600000) (1024K)]
  0x00000209c6b4e3c0 JavaThread "Signal Dispatcher"          daemon [_thread_blocked, id=96496, stack(0x0000000e64600000,0x0000000e64700000) (1024K)]
  0x00000209d491e700 JavaThread "Attach Listener"            daemon [_thread_blocked, id=81664, stack(0x0000000e64700000,0x0000000e64800000) (1024K)]
  0x00000209d49259f0 JavaThread "Service Thread"             daemon [_thread_blocked, id=99756, stack(0x0000000e64800000,0x0000000e64900000) (1024K)]
  0x00000209d4948120 JavaThread "Monitor Deflation Thread"   daemon [_thread_blocked, id=88132, stack(0x0000000e64900000,0x0000000e64a00000) (1024K)]
  0x00000209d49492e0 JavaThread "C1 CompilerThread0"         daemon [_thread_blocked, id=73864, stack(0x0000000e64a00000,0x0000000e64b00000) (1024K)]
  0x00000209d49f0310 JavaThread "Common-Cleaner"             daemon [_thread_blocked, id=78224, stack(0x0000000e64b00000,0x0000000e64c00000) (1024K)]
  0x00000209d4a28af0 JavaThread "C1 CompilerThread1"         daemon [_thread_blocked, id=93364, stack(0x0000000e64c00000,0x0000000e64d00000) (1024K)]
  0x00000209d4a2b290 JavaThread "C1 CompilerThread2"         daemon [_thread_blocked, id=83580, stack(0x0000000e64d00000,0x0000000e64e00000) (1024K)]
  0x00000209d4a2ba20 JavaThread "C1 CompilerThread3"         daemon [_thread_blocked, id=72572, stack(0x0000000e64e00000,0x0000000e64f00000) (1024K)]
  0x0000020a1a3955e0 JavaThread "Monitor Ctrl-Break"         daemon [_thread_in_native, id=47552, stack(0x0000000e64f00000,0x0000000e65000000) (1024K)]
  0x0000020a1aa71570 JavaThread "JFR Recorder Thread"        daemon [_thread_in_native, id=70928, stack(0x0000000e65000000,0x0000000e65100000) (1024K)]
  0x0000020a1b9b0f60 JavaThread "JFR Periodic Tasks"         daemon [_thread_blocked, id=76564, stack(0x0000000e65100000,0x0000000e65200000) (1024K)]
Total: 15

Other Threads:
  0x00000209c6b34d00 VMThread "VM Thread"                           [id=101536, stack(0x0000000e64300000,0x0000000e64400000) (1024K)]
  0x00000209c6b1c9c0 WatcherThread "VM Periodic Task Thread"        [id=85020, stack(0x0000000e64200000,0x0000000e64300000) (1024K)]
  0x00000209c6a4db30 WorkerThread "GC Thread#0"                     [id=68276, stack(0x0000000e63d00000,0x0000000e63e00000) (1024K)]
  0x00000209c6a5d7c0 ConcurrentGCThread "G1 Main Marker"            [id=47664, stack(0x0000000e63e00000,0x0000000e63f00000) (1024K)]
  0x00000209c6a60260 WorkerThread "G1 Conc#0"                       [id=71892, stack(0x0000000e63f00000,0x0000000e64000000) (1024K)]
  0x00000209c6b09630 ConcurrentGCThread "G1 Refine#0"               [id=26996, stack(0x0000000e64000000,0x0000000e64100000) (1024K)]
  0x00000209c6b0af70 ConcurrentGCThread "G1 Service"                [id=100884, stack(0x0000000e64100000,0x0000000e64200000) (1024K)]
Total: 7

Threads with active compile tasks:
Total: 0

VM state: not at safepoint (normal execution)

VM Mutex/Monitor currently owned by a thread: None

Heap address: 0x0000000684800000, size: 6072 MB, Compressed Oops mode: Zero based, Oop shift amount: 3

CDS archive(s) mapped at: [0x00000209d5000000-0x00000209d5d40000-0x00000209d5d40000), size 13893632, SharedBaseAddress: 0x00000209d5000000, ArchiveRelocationMode: 1.
Compressed class space mapped at: 0x00000209d6000000-0x0000020a16000000, reserved size: 1073741824
UseCompressedClassPointers 1, UseCompactObjectHeaders 0
Narrow klass pointer bits 32, Max shift 3
Narrow klass base: 0x00000209d5000000, Narrow klass shift: 0
Encoding Range: [0x00000209d5000000 - 0x0000020ad5000000), (4294967296 bytes)
Klass Range:    [0x00000209d5000000 - 0x0000020a16000000), (1090519040 bytes)
Klass ID Range:  [8 - 1090519033) (1090519025)

GC Precious Log:
 CardTable entry size: 512
 Card Set container configuration: InlinePtr #cards 4 size 8 Array Of Cards #cards 32 size 80 Howl #buckets 8 coarsen threshold 7372 Howl Bitmap #cards 1024 size 144 coarsen threshold 921 Card regions per heap region 1 cards per card region 8192
 CPUs: 12 total, 12 available
 Memory: 24280M
 Large Page Support: Disabled
 NUMA Support: Disabled
 Compressed Oops: Enabled (Zero based)
 Heap Region Size: 4M
 Heap Min Capacity: 8M
 Heap Initial Capacity: 380M
 Heap Max Capacity: 6072M
 Pre-touch: Disabled
 Parallel Workers: 10
 Concurrent Workers: 3
 Concurrent Refinement Workers: 10
 Periodic GC: Disabled

Heap:
 garbage-first heap   total reserved 6217728K, committed 393216K, used 25712K [0x0000000684800000, 0x0000000800000000)
  region size 4096K, 7 young (28672K), 0 survivors (0K)
 Metaspace       used 2724K, committed 2944K, reserved 1114112K
  class space    used 304K, committed 384K, reserved 1048576K

Heap Regions: E=young(eden), S=young(survivor), O=old, HS=humongous(starts), HC=humongous(continues), CS=collection set, F=free, TAMS=top-at-mark-start, PB=parsable bottom
|   0|0x0000000684800000, 0x0000000684800000, 0x0000000684c00000|  0%| F|  |TAMS 0x0000000684800000| PB 0x0000000684800000| Untracked |  0
|   1|0x0000000684c00000, 0x0000000684c00000, 0x0000000685000000|  0%| F|  |TAMS 0x0000000684c00000| PB 0x0000000684c00000| Untracked |  0
|   2|0x0000000685000000, 0x0000000685000000, 0x0000000685400000|  0%| F|  |TAMS 0x0000000685000000| PB 0x0000000685000000| Untracked |  0
|   3|0x0000000685400000, 0x0000000685400000, 0x0000000685800000|  0%| F|  |TAMS 0x0000000685400000| PB 0x0000000685400000| Untracked |  0
|   4|0x0000000685800000, 0x0000000685800000, 0x0000000685c00000|  0%| F|  |TAMS 0x0000000685800000| PB 0x0000000685800000| Untracked |  0
|   5|0x0000000685c00000, 0x0000000685c00000, 0x0000000686000000|  0%| F|  |TAMS 0x0000000685c00000| PB 0x0000000685c00000| Untracked |  0
|   6|0x0000000686000000, 0x0000000686000000, 0x0000000686400000|  0%| F|  |TAMS 0x0000000686000000| PB 0x0000000686000000| Untracked |  0
|   7|0x0000000686400000, 0x0000000686400000, 0x0000000686800000|  0%| F|  |TAMS 0x0000000686400000| PB 0x0000000686400000| Untracked |  0
|   8|0x0000000686800000, 0x0000000686800000, 0x0000000686c00000|  0%| F|  |TAMS 0x0000000686800000| PB 0x0000000686800000| Untracked |  0
|   9|0x0000000686c00000, 0x0000000686c00000, 0x0000000687000000|  0%| F|  |TAMS 0x0000000686c00000| PB 0x0000000686c00000| Untracked |  0
|  10|0x0000000687000000, 0x0000000687000000, 0x0000000687400000|  0%| F|  |TAMS 0x0000000687000000| PB 0x0000000687000000| Untracked |  0
|  11|0x0000000687400000, 0x0000000687400000, 0x0000000687800000|  0%| F|  |TAMS 0x0000000687400000| PB 0x0000000687400000| Untracked |  0
|  12|0x0000000687800000, 0x0000000687800000, 0x0000000687c00000|  0%| F|  |TAMS 0x0000000687800000| PB 0x0000000687800000| Untracked |  0
|  13|0x0000000687c00000, 0x0000000687c00000, 0x0000000688000000|  0%| F|  |TAMS 0x0000000687c00000| PB 0x0000000687c00000| Untracked |  0
|  14|0x0000000688000000, 0x0000000688000000, 0x0000000688400000|  0%| F|  |TAMS 0x0000000688000000| PB 0x0000000688000000| Untracked |  0
|  15|0x0000000688400000, 0x0000000688400000, 0x0000000688800000|  0%| F|  |TAMS 0x0000000688400000| PB 0x0000000688400000| Untracked |  0
|  16|0x0000000688800000, 0x0000000688800000, 0x0000000688c00000|  0%| F|  |TAMS 0x0000000688800000| PB 0x0000000688800000| Untracked |  0
|  17|0x0000000688c00000, 0x0000000688c00000, 0x0000000689000000|  0%| F|  |TAMS 0x0000000688c00000| PB 0x0000000688c00000| Untracked |  0
|  18|0x0000000689000000, 0x0000000689000000, 0x0000000689400000|  0%| F|  |TAMS 0x0000000689000000| PB 0x0000000689000000| Untracked |  0
|  19|0x0000000689400000, 0x0000000689400000, 0x0000000689800000|  0%| F|  |TAMS 0x0000000689400000| PB 0x0000000689400000| Untracked |  0
|  20|0x0000000689800000, 0x0000000689800000, 0x0000000689c00000|  0%| F|  |TAMS 0x0000000689800000| PB 0x0000000689800000| Untracked |  0
|  21|0x0000000689c00000, 0x0000000689c00000, 0x000000068a000000|  0%| F|  |TAMS 0x0000000689c00000| PB 0x0000000689c00000| Untracked |  0
|  22|0x000000068a000000, 0x000000068a000000, 0x000000068a400000|  0%| F|  |TAMS 0x000000068a000000| PB 0x000000068a000000| Untracked |  0
|  23|0x000000068a400000, 0x000000068a400000, 0x000000068a800000|  0%| F|  |TAMS 0x000000068a400000| PB 0x000000068a400000| Untracked |  0
|  24|0x000000068a800000, 0x000000068a800000, 0x000000068ac00000|  0%| F|  |TAMS 0x000000068a800000| PB 0x000000068a800000| Untracked |  0
|  25|0x000000068ac00000, 0x000000068ac00000, 0x000000068b000000|  0%| F|  |TAMS 0x000000068ac00000| PB 0x000000068ac00000| Untracked |  0
|  26|0x000000068b000000, 0x000000068b000000, 0x000000068b400000|  0%| F|  |TAMS 0x000000068b000000| PB 0x000000068b000000| Untracked |  0
|  27|0x000000068b400000, 0x000000068b400000, 0x000000068b800000|  0%| F|  |TAMS 0x000000068b400000| PB 0x000000068b400000| Untracked |  0
|  28|0x000000068b800000, 0x000000068b800000, 0x000000068bc00000|  0%| F|  |TAMS 0x000000068b800000| PB 0x000000068b800000| Untracked |  0
|  29|0x000000068bc00000, 0x000000068bc00000, 0x000000068c000000|  0%| F|  |TAMS 0x000000068bc00000| PB 0x000000068bc00000| Untracked |  0
|  30|0x000000068c000000, 0x000000068c000000, 0x000000068c400000|  0%| F|  |TAMS 0x000000068c000000| PB 0x000000068c000000| Untracked |  0
|  31|0x000000068c400000, 0x000000068c400000, 0x000000068c800000|  0%| F|  |TAMS 0x000000068c400000| PB 0x000000068c400000| Untracked |  0
|  32|0x000000068c800000, 0x000000068c800000, 0x000000068cc00000|  0%| F|  |TAMS 0x000000068c800000| PB 0x000000068c800000| Untracked |  0
|  33|0x000000068cc00000, 0x000000068cc00000, 0x000000068d000000|  0%| F|  |TAMS 0x000000068cc00000| PB 0x000000068cc00000| Untracked |  0
|  34|0x000000068d000000, 0x000000068d000000, 0x000000068d400000|  0%| F|  |TAMS 0x000000068d000000| PB 0x000000068d000000| Untracked |  0
|  35|0x000000068d400000, 0x000000068d400000, 0x000000068d800000|  0%| F|  |TAMS 0x000000068d400000| PB 0x000000068d400000| Untracked |  0
|  36|0x000000068d800000, 0x000000068d800000, 0x000000068dc00000|  0%| F|  |TAMS 0x000000068d800000| PB 0x000000068d800000| Untracked |  0
|  37|0x000000068dc00000, 0x000000068dc00000, 0x000000068e000000|  0%| F|  |TAMS 0x000000068dc00000| PB 0x000000068dc00000| Untracked |  0
|  38|0x000000068e000000, 0x000000068e000000, 0x000000068e400000|  0%| F|  |TAMS 0x000000068e000000| PB 0x000000068e000000| Untracked |  0
|  39|0x000000068e400000, 0x000000068e400000, 0x000000068e800000|  0%| F|  |TAMS 0x000000068e400000| PB 0x000000068e400000| Untracked |  0
|  40|0x000000068e800000, 0x000000068e800000, 0x000000068ec00000|  0%| F|  |TAMS 0x000000068e800000| PB 0x000000068e800000| Untracked |  0
|  41|0x000000068ec00000, 0x000000068ec00000, 0x000000068f000000|  0%| F|  |TAMS 0x000000068ec00000| PB 0x000000068ec00000| Untracked |  0
|  42|0x000000068f000000, 0x000000068f000000, 0x000000068f400000|  0%| F|  |TAMS 0x000000068f000000| PB 0x000000068f000000| Untracked |  0
|  43|0x000000068f400000, 0x000000068f400000, 0x000000068f800000|  0%| F|  |TAMS 0x000000068f400000| PB 0x000000068f400000| Untracked |  0
|  44|0x000000068f800000, 0x000000068f800000, 0x000000068fc00000|  0%| F|  |TAMS 0x000000068f800000| PB 0x000000068f800000| Untracked |  0
|  45|0x000000068fc00000, 0x000000068fc00000, 0x0000000690000000|  0%| F|  |TAMS 0x000000068fc00000| PB 0x000000068fc00000| Untracked |  0
|  46|0x0000000690000000, 0x0000000690000000, 0x0000000690400000|  0%| F|  |TAMS 0x0000000690000000| PB 0x0000000690000000| Untracked |  0
|  47|0x0000000690400000, 0x0000000690400000, 0x0000000690800000|  0%| F|  |TAMS 0x0000000690400000| PB 0x0000000690400000| Untracked |  0
|  48|0x0000000690800000, 0x0000000690800000, 0x0000000690c00000|  0%| F|  |TAMS 0x0000000690800000| PB 0x0000000690800000| Untracked |  0
|  49|0x0000000690c00000, 0x0000000690c00000, 0x0000000691000000|  0%| F|  |TAMS 0x0000000690c00000| PB 0x0000000690c00000| Untracked |  0
|  50|0x0000000691000000, 0x0000000691000000, 0x0000000691400000|  0%| F|  |TAMS 0x0000000691000000| PB 0x0000000691000000| Untracked |  0
|  51|0x0000000691400000, 0x0000000691400000, 0x0000000691800000|  0%| F|  |TAMS 0x0000000691400000| PB 0x0000000691400000| Untracked |  0
|  52|0x0000000691800000, 0x0000000691800000, 0x0000000691c00000|  0%| F|  |TAMS 0x0000000691800000| PB 0x0000000691800000| Untracked |  0
|  53|0x0000000691c00000, 0x0000000691c00000, 0x0000000692000000|  0%| F|  |TAMS 0x0000000691c00000| PB 0x0000000691c00000| Untracked |  0
|  54|0x0000000692000000, 0x0000000692000000, 0x0000000692400000|  0%| F|  |TAMS 0x0000000692000000| PB 0x0000000692000000| Untracked |  0
|  55|0x0000000692400000, 0x0000000692400000, 0x0000000692800000|  0%| F|  |TAMS 0x0000000692400000| PB 0x0000000692400000| Untracked |  0
|  56|0x0000000692800000, 0x0000000692800000, 0x0000000692c00000|  0%| F|  |TAMS 0x0000000692800000| PB 0x0000000692800000| Untracked |  0
|  57|0x0000000692c00000, 0x0000000692c00000, 0x0000000693000000|  0%| F|  |TAMS 0x0000000692c00000| PB 0x0000000692c00000| Untracked |  0
|  58|0x0000000693000000, 0x0000000693000000, 0x0000000693400000|  0%| F|  |TAMS 0x0000000693000000| PB 0x0000000693000000| Untracked |  0
|  59|0x0000000693400000, 0x0000000693400000, 0x0000000693800000|  0%| F|  |TAMS 0x0000000693400000| PB 0x0000000693400000| Untracked |  0
|  60|0x0000000693800000, 0x0000000693800000, 0x0000000693c00000|  0%| F|  |TAMS 0x0000000693800000| PB 0x0000000693800000| Untracked |  0
|  61|0x0000000693c00000, 0x0000000693c00000, 0x0000000694000000|  0%| F|  |TAMS 0x0000000693c00000| PB 0x0000000693c00000| Untracked |  0
|  62|0x0000000694000000, 0x0000000694000000, 0x0000000694400000|  0%| F|  |TAMS 0x0000000694000000| PB 0x0000000694000000| Untracked |  0
|  63|0x0000000694400000, 0x0000000694400000, 0x0000000694800000|  0%| F|  |TAMS 0x0000000694400000| PB 0x0000000694400000| Untracked |  0
|  64|0x0000000694800000, 0x0000000694800000, 0x0000000694c00000|  0%| F|  |TAMS 0x0000000694800000| PB 0x0000000694800000| Untracked |  0
|  65|0x0000000694c00000, 0x0000000694c00000, 0x0000000695000000|  0%| F|  |TAMS 0x0000000694c00000| PB 0x0000000694c00000| Untracked |  0
|  66|0x0000000695000000, 0x0000000695000000, 0x0000000695400000|  0%| F|  |TAMS 0x0000000695000000| PB 0x0000000695000000| Untracked |  0
|  67|0x0000000695400000, 0x0000000695400000, 0x0000000695800000|  0%| F|  |TAMS 0x0000000695400000| PB 0x0000000695400000| Untracked |  0
|  68|0x0000000695800000, 0x0000000695800000, 0x0000000695c00000|  0%| F|  |TAMS 0x0000000695800000| PB 0x0000000695800000| Untracked |  0
|  69|0x0000000695c00000, 0x0000000695c00000, 0x0000000696000000|  0%| F|  |TAMS 0x0000000695c00000| PB 0x0000000695c00000| Untracked |  0
|  70|0x0000000696000000, 0x0000000696000000, 0x0000000696400000|  0%| F|  |TAMS 0x0000000696000000| PB 0x0000000696000000| Untracked |  0
|  71|0x0000000696400000, 0x0000000696400000, 0x0000000696800000|  0%| F|  |TAMS 0x0000000696400000| PB 0x0000000696400000| Untracked |  0
|  72|0x0000000696800000, 0x0000000696800000, 0x0000000696c00000|  0%| F|  |TAMS 0x0000000696800000| PB 0x0000000696800000| Untracked |  0
|  73|0x0000000696c00000, 0x0000000696c00000, 0x0000000697000000|  0%| F|  |TAMS 0x0000000696c00000| PB 0x0000000696c00000| Untracked |  0
|  74|0x0000000697000000, 0x0000000697000000, 0x0000000697400000|  0%| F|  |TAMS 0x0000000697000000| PB 0x0000000697000000| Untracked |  0
|  75|0x0000000697400000, 0x0000000697400000, 0x0000000697800000|  0%| F|  |TAMS 0x0000000697400000| PB 0x0000000697400000| Untracked |  0
|  76|0x0000000697800000, 0x0000000697800000, 0x0000000697c00000|  0%| F|  |TAMS 0x0000000697800000| PB 0x0000000697800000| Untracked |  0
|  77|0x0000000697c00000, 0x0000000697c00000, 0x0000000698000000|  0%| F|  |TAMS 0x0000000697c00000| PB 0x0000000697c00000| Untracked |  0
|  78|0x0000000698000000, 0x0000000698000000, 0x0000000698400000|  0%| F|  |TAMS 0x0000000698000000| PB 0x0000000698000000| Untracked |  0
|  79|0x0000000698400000, 0x0000000698400000, 0x0000000698800000|  0%| F|  |TAMS 0x0000000698400000| PB 0x0000000698400000| Untracked |  0
|  80|0x0000000698800000, 0x0000000698800000, 0x0000000698c00000|  0%| F|  |TAMS 0x0000000698800000| PB 0x0000000698800000| Untracked |  0
|  81|0x0000000698c00000, 0x0000000698c00000, 0x0000000699000000|  0%| F|  |TAMS 0x0000000698c00000| PB 0x0000000698c00000| Untracked |  0
|  82|0x0000000699000000, 0x0000000699000000, 0x0000000699400000|  0%| F|  |TAMS 0x0000000699000000| PB 0x0000000699000000| Untracked |  0
|  83|0x0000000699400000, 0x0000000699400000, 0x0000000699800000|  0%| F|  |TAMS 0x0000000699400000| PB 0x0000000699400000| Untracked |  0
|  84|0x0000000699800000, 0x0000000699800000, 0x0000000699c00000|  0%| F|  |TAMS 0x0000000699800000| PB 0x0000000699800000| Untracked |  0
|  85|0x0000000699c00000, 0x0000000699c00000, 0x000000069a000000|  0%| F|  |TAMS 0x0000000699c00000| PB 0x0000000699c00000| Untracked |  0
|  86|0x000000069a000000, 0x000000069a000000, 0x000000069a400000|  0%| F|  |TAMS 0x000000069a000000| PB 0x000000069a000000| Untracked |  0
|  87|0x000000069a400000, 0x000000069a400000, 0x000000069a800000|  0%| F|  |TAMS 0x000000069a400000| PB 0x000000069a400000| Untracked |  0
|  88|0x000000069a800000, 0x000000069abd7128, 0x000000069ac00000| 96%| E|  |TAMS 0x000000069a800000| PB 0x000000069a800000| Complete |  0
|  89|0x000000069ac00000, 0x000000069b000000, 0x000000069b000000|100%| E|CS|TAMS 0x000000069ac00000| PB 0x000000069ac00000| Complete |  0
|  90|0x000000069b000000, 0x000000069b400000, 0x000000069b400000|100%| E|CS|TAMS 0x000000069b000000| PB 0x000000069b000000| Complete |  0
|  91|0x000000069b400000, 0x000000069b800000, 0x000000069b800000|100%| E|CS|TAMS 0x000000069b400000| PB 0x000000069b400000| Complete |  0
|  92|0x000000069b800000, 0x000000069bc00000, 0x000000069bc00000|100%| E|CS|TAMS 0x000000069b800000| PB 0x000000069b800000| Complete |  0
|  93|0x000000069bc00000, 0x000000069c000000, 0x000000069c000000|100%| E|CS|TAMS 0x000000069bc00000| PB 0x000000069bc00000| Complete |  0
|  94|0x000000069c000000, 0x000000069c400000, 0x000000069c400000|100%| E|CS|TAMS 0x000000069c000000| PB 0x000000069c000000| Complete |  0
|1517|0x00000007ffc00000, 0x00000007ffd1c348, 0x0000000800000000| 27%| O|  |TAMS 0x00000007ffc00000| PB 0x00000007ffc00000| Untracked |  0

Card table byte_map: [0x00000209cb230000,0x00000209cbe10000] _byte_map_base: 0x00000209c7e0c000

Marking Bits: (CMBitMap*) 0x00000209c6a4e150
 Bits: [0x00000209cbe10000, 0x00000209d1cf0000)

Polling page: 0x00000209bd590000

Metaspace:

Usage:
  Non-class:      2.36 MB used.
      Class:    304.37 KB used.
       Both:      2.66 MB used.

Virtual space:
  Non-class space:       64.00 MB reserved,       2.50 MB (  4%) committed,  1 nodes.
      Class space:        1.00 GB reserved,     384.00 KB ( <1%) committed,  1 nodes.
             Both:        1.06 GB reserved,       2.88 MB ( <1%) committed. 

Chunk freelists:
   Non-Class:  11.92 MB
       Class:  15.59 MB
        Both:  27.51 MB

MaxMetaspaceSize: unlimited
CompressedClassSpaceSize: 1.00 GB
Initial GC threshold: 21.00 MB
Current GC threshold: 21.00 MB
CDS: on
 - commit_granule_bytes: 65536.
 - commit_granule_words: 8192.
 - virtual_space_node_default_size: 8388608.
 - enlarge_chunks_in_place: 1.
UseCompressedClassPointers 1, UseCompactObjectHeaders 0
Narrow klass pointer bits 32, Max shift 3
Narrow klass base: 0x00000209d5000000, Narrow klass shift: 0
Encoding Range: [0x00000209d5000000 - 0x0000020ad5000000), (4294967296 bytes)
Klass Range:    [0x00000209d5000000 - 0x0000020a16000000), (1090519040 bytes)
Klass ID Range:  [8 - 1090519033) (1090519025)


Internal statistics:

num_allocs_failed_limit: 0.
num_arena_births: 68.
num_arena_deaths: 0.
num_vsnodes_births: 2.
num_vsnodes_deaths: 0.
num_space_committed: 46.
num_space_uncommitted: 0.
num_chunks_returned_to_freelist: 0.
num_chunks_taken_from_freelist: 74.
num_chunk_merges: 0.
num_chunk_splits: 52.
num_chunks_enlarged: 33.
num_inconsistent_stats: 0.

CodeCache: size=49152Kb used=4355Kb max_used=4355Kb free=44796Kb
 bounds [0x00000209c6b50000, 0x00000209c6fa0000, 0x00000209c9b50000]
 total_blobs=1789, nmethods=1354, adapters=358, full_count=0
Compilation: enabled, stopped_count=0, restarted_count=0

Compilation events (20 events):
Event: 0.519 Thread 0x00000209d4a28af0 1347   !   1       jdk.jfr.internal.Control::setValue (102 bytes)
Event: 0.519 Thread 0x00000209d49492e0 nmethod 1346 0x00000209c6f8de08 code [0x00000209c6f8df00, 0x00000209c6f8dfc8]
Event: 0.519 Thread 0x00000209d4a2b290 nmethod 1345 0x00000209c6f8e108 code [0x00000209c6f8e200, 0x00000209c6f8e2c8]
Event: 0.519 Thread 0x00000209d4a2ba20 1348       1       jdk.jfr.internal.SettingsManager$InternalSetting::getValues (35 bytes)
Event: 0.519 Thread 0x00000209d49492e0 1349       1       jdk.jfr.internal.Control::apply (10 bytes)
Event: 0.519 Thread 0x00000209d4a2b290 1350       1       jdk.jfr.internal.Control::findCombine (121 bytes)
Event: 0.519 Thread 0x00000209d49492e0 nmethod 1349 0x00000209c6f8e408 code [0x00000209c6f8e520, 0x00000209c6f8e640]
Event: 0.520 Thread 0x00000209d49492e0 1351       1       java.lang.StringLatin1::getChar (9 bytes)
Event: 0.520 Thread 0x00000209d4a2ba20 nmethod 1348 0x00000209c6f8e708 code [0x00000209c6f8e840, 0x00000209c6f8ea60]
Event: 0.520 Thread 0x00000209d49492e0 nmethod 1351 0x00000209c6f8ea88 code [0x00000209c6f8eba0, 0x00000209c6f8ec78]
Event: 0.520 Thread 0x00000209d4a2b290 nmethod 1350 0x00000209c6f8ed88 code [0x00000209c6f8ef40, 0x00000209c6f8f708]
Event: 0.520 Thread 0x00000209d4a28af0 nmethod 1347 0x00000209c6f8f788 code [0x00000209c6f8f980, 0x00000209c6f90048]
Event: 0.522 Thread 0x00000209d4a2ba20 1352       1       jdk.jfr.internal.periodic.EventTask::getEventType (5 bytes)
Event: 0.522 Thread 0x00000209d4a2ba20 nmethod 1352 0x00000209c6f90108 code [0x00000209c6f90200, 0x00000209c6f902c8]
Event: 0.522 Thread 0x00000209d4a2ba20 1353       1       jdk.jfr.internal.periodic.PeriodicTask::getPeriod (5 bytes)
Event: 0.522 Thread 0x00000209d49492e0 1354       1       java.util.Comparator$$Lambda/0x00000209d6073f88::compare (10 bytes)
Event: 0.522 Thread 0x00000209d4a28af0 1355       1       java.util.Comparator::lambda$comparingLong$6043328a$1 (18 bytes)
Event: 0.522 Thread 0x00000209d4a2ba20 nmethod 1353 0x00000209c6f90408 code [0x00000209c6f90500, 0x00000209c6f905c8]
Event: 0.522 Thread 0x00000209d4a28af0 nmethod 1355 0x00000209c6f90708 code [0x00000209c6f90840, 0x00000209c6f90a00]
Event: 0.522 Thread 0x00000209d49492e0 nmethod 1354 0x00000209c6f90a88 code [0x00000209c6f90bc0, 0x00000209c6f90dc0]

GC Heap History (0 events):
No events

Dll operation events (9 events):
Event: 0.027 Loaded shared library C:\Users\bestr\.jdks\openjdk-24\bin\java.dll
Event: 0.118 Loaded shared library C:\Users\bestr\.jdks\openjdk-24\bin\zip.dll
Event: 0.120 Loaded shared library C:\Users\bestr\.jdks\openjdk-24\bin\instrument.dll
Event: 0.124 Loaded shared library C:\Users\bestr\.jdks\openjdk-24\bin\net.dll
Event: 0.125 Loaded shared library C:\Users\bestr\.jdks\openjdk-24\bin\nio.dll
Event: 0.128 Loaded shared library C:\Users\bestr\.jdks\openjdk-24\bin\zip.dll
Event: 0.217 Loaded shared library C:\Program Files\JetBrains\IntelliJ IDEA 2024.1.4\bin\breakgen64.dll
Event: 0.234 Loaded shared library C:\Users\bestr\.jdks\openjdk-24\bin\extnet.dll
Event: 0.284 Loaded shared library C:\Users\bestr\.jdks\openjdk-24\bin\jimage.dll

Deoptimization events (0 events):
No events

Classes loaded (20 events):
Event: 0.498 Loading class jdk/jfr/internal/MetadataWriter
Event: 0.498 Loading class jdk/jfr/internal/MetadataWriter done
Event: 0.498 Loading class jdk/jfr/internal/MetadataDescriptor$Element
Event: 0.498 Loading class jdk/jfr/internal/MetadataDescriptor$Element done
Event: 0.499 Loading class jdk/jfr/internal/MetadataDescriptor$Attribute
Event: 0.499 Loading class jdk/jfr/internal/MetadataDescriptor$Attribute done
Event: 0.505 Loading class jdk/jfr/internal/consumer/StringParser$Encoding
Event: 0.506 Loading class jdk/jfr/internal/consumer/StringParser$Encoding done
Event: 0.513 Loading class jdk/jfr/internal/consumer/RepositoryFiles
Event: 0.513 Loading class jdk/jfr/internal/consumer/RepositoryFiles done
Event: 0.516 Loading class jdk/jfr/internal/SettingsManager$InternalSetting
Event: 0.516 Loading class jdk/jfr/internal/SettingsManager$InternalSetting done
Event: 0.517 Loading class jdk/jfr/internal/util/Rate
Event: 0.517 Loading class jdk/jfr/internal/util/Rate done
Event: 0.518 Loading class jdk/jfr/internal/util/TimespanUnit
Event: 0.518 Loading class jdk/jfr/internal/util/TimespanUnit done
Event: 0.518 Loading class jdk/jfr/internal/util/ValueParser
Event: 0.518 Loading class jdk/jfr/internal/util/ValueParser done
Event: 0.519 Loading class jdk/jfr/internal/periodic/PeriodicType
Event: 0.520 Loading class jdk/jfr/internal/periodic/PeriodicType done

Classes unloaded (0 events):
No events

Classes redefined (0 events):
No events

Internal exceptions (18 events):
Event: 0.200 Thread 0x00000209c69c9ee0 Exception <a 'java/lang/NoSuchMethodError'{0x000000069ba7fc90}: 'void java.lang.invoke.DirectMethodHandle$Holder.invokeStatic(java.lang.Object, java.lang.Object, java.lang.Object)'> (0x000000069ba7fc90) 
thrown [s\open\src\hotspot\share\interpreter\linkResolver.cpp, line 805]
Event: 0.207 Thread 0x00000209c69c9ee0 Exception <a 'java/lang/NoSuchMethodError'{0x000000069bab4850}: 'java.lang.Object java.lang.invoke.Invokers$Holder.invokeExact_MT(java.lang.Object, java.lang.Object, java.lang.Object, java.lang.Object, java.lang.Object)'> (0x000000069bab4850) 
thrown [s\open\src\hotspot\share\interpreter\linkResolver.cpp, line 805]
Event: 0.227 Thread 0x00000209c69c9ee0 Exception <a 'java/lang/NoSuchMethodError'{0x000000069bac76a8}: 'java.lang.Object java.lang.invoke.DirectMethodHandle$Holder.invokeStaticInit(java.lang.Object, java.lang.Object, java.lang.Object)'> (0x000000069bac76a8) 
thrown [s\open\src\hotspot\share\interpreter\linkResolver.cpp, line 805]
Event: 0.230 Thread 0x0000020a1a3955e0 Exception <a 'java/lang/NoSuchMethodError'{0x000000069bb12b10}: 'java.lang.Object java.lang.invoke.DirectMethodHandle$Holder.invokeStaticInit(java.lang.Object)'> (0x000000069bb12b10) 
thrown [s\open\src\hotspot\share\interpreter\linkResolver.cpp, line 805]
Event: 0.236 Thread 0x0000020a1a3955e0 Exception <a 'java/lang/NoSuchMethodError'{0x000000069bb1d720}: 'void java.lang.invoke.DirectMethodHandle$Holder.invokeStatic(java.lang.Object, java.lang.Object)'> (0x000000069bb1d720) 
thrown [s\open\src\hotspot\share\interpreter\linkResolver.cpp, line 805]
Event: 0.305 Thread 0x00000209c69c9ee0 Exception <a 'java/lang/NoSuchMethodError'{0x000000069b6a9158}: 'void java.lang.invoke.DirectMethodHandle$Holder.invokeStaticInit(java.lang.Object)'> (0x000000069b6a9158) 
thrown [s\open\src\hotspot\share\interpreter\linkResolver.cpp, line 805]
Event: 0.323 Thread 0x00000209c69c9ee0 Exception <a 'java/lang/NoSuchMethodError'{0x000000069b71c8e0}: 'void java.lang.invoke.DirectMethodHandle$Holder.invokeSpecial(java.lang.Object, java.lang.Object, java.lang.Object)'> (0x000000069b71c8e0) 
thrown [s\open\src\hotspot\share\interpreter\linkResolver.cpp, line 805]
Event: 0.336 Thread 0x00000209c69c9ee0 Exception <a 'java/lang/NoSuchMethodError'{0x000000069b784080}: 'java.lang.Object java.lang.invoke.DirectMethodHandle$Holder.newInvokeSpecial(java.lang.Object, java.lang.Object, java.lang.Object, java.lang.Object, java.lang.Object)'> (0x000000069b784080) 
thrown [s\open\src\hotspot\share\interpreter\linkResolver.cpp, line 805]
Event: 0.379 Thread 0x00000209c69c9ee0 Exception <a 'java/lang/NoSuchMethodError'{0x000000069b20fea0}: 'long java.lang.invoke.DirectMethodHandle$Holder.invokeVirtual(java.lang.Object, java.lang.Object)'> (0x000000069b20fea0) 
thrown [s\open\src\hotspot\share\interpreter\linkResolver.cpp, line 805]
Event: 0.421 Thread 0x00000209c69c9ee0 Exception <a 'java/lang/NoSuchMethodError'{0x000000069ac644a0}: 'int java.lang.invoke.DirectMethodHandle$Holder.invokeSpecial(java.lang.Object, java.lang.Object, java.lang.Object)'> (0x000000069ac644a0) 
thrown [s\open\src\hotspot\share\interpreter\linkResolver.cpp, line 805]
Event: 0.477 Thread 0x00000209c69c9ee0 Exception <a 'java/lang/NoSuchMethodError'{0x000000069af2bc80}: 'void java.lang.invoke.DirectMethodHandle$Holder.invokeSpecial(java.lang.Object, java.lang.Object, int)'> (0x000000069af2bc80) 
thrown [s\open\src\hotspot\share\interpreter\linkResolver.cpp, line 805]
Event: 0.477 Thread 0x00000209c69c9ee0 Exception <a 'java/lang/NoSuchMethodError'{0x000000069af338a0}: 'void java.lang.invoke.Invokers$Holder.invokeExact_MT(java.lang.Object, int, java.lang.Object)'> (0x000000069af338a0) 
thrown [s\open\src\hotspot\share\interpreter\linkResolver.cpp, line 805]
Event: 0.480 Thread 0x00000209c69c9ee0 Exception <a 'java/lang/NoSuchMethodError'{0x000000069af4e1d0}: 'void java.lang.invoke.DirectMethodHandle$Holder.invokeStatic(java.lang.Object, java.lang.Object, int)'> (0x000000069af4e1d0) 
thrown [s\open\src\hotspot\share\interpreter\linkResolver.cpp, line 805]
Event: 0.481 Thread 0x00000209c69c9ee0 Exception <a 'java/lang/NoSuchMethodError'{0x000000069af5d2c0}: 'java.lang.Object java.lang.invoke.DirectMethodHandle$Holder.newInvokeSpecial(java.lang.Object, java.lang.Object, int)'> (0x000000069af5d2c0) 
thrown [s\open\src\hotspot\share\interpreter\linkResolver.cpp, line 805]
Event: 0.482 Thread 0x0000020a1b9b0f60 Exception <a 'java/lang/NoSuchMethodError'{0x000000069afd8430}: 'long java.lang.invoke.DirectMethodHandle$Holder.invokeSpecial(java.lang.Object, java.lang.Object)'> (0x000000069afd8430) 
thrown [s\open\src\hotspot\share\interpreter\linkResolver.cpp, line 805]
Event: 0.485 Thread 0x00000209c69c9ee0 Exception <a 'sun/nio/fs/WindowsException'{0x000000069af922c0}> (0x000000069af922c0) 
thrown [s\open\src\hotspot\share\prims\jni.cpp, line 518]
Event: 0.489 Thread 0x00000209c69c9ee0 Exception <a 'sun/nio/fs/WindowsException'{0x000000069af9f1b8}> (0x000000069af9f1b8) 
thrown [s\open\src\hotspot\share\prims\jni.cpp, line 518]
Event: 0.494 Thread 0x00000209c69c9ee0 Exception <a 'sun/nio/fs/WindowsException'{0x000000069afb1018}> (0x000000069afb1018) 
thrown [s\open\src\hotspot\share\prims\jni.cpp, line 518]

VM Operations (6 events):
Event: 0.483 Executing VM operation: HandshakeAllThreads (Deoptimize)
Event: 0.483 Executing VM operation: HandshakeAllThreads (Deoptimize) done
Event: 0.484 Executing VM operation: HandshakeAllThreads (Deoptimize)
Event: 0.484 Executing VM operation: HandshakeAllThreads (Deoptimize) done
Event: 0.514 Executing VM operation: JFRSafepointClear
Event: 0.514 Executing VM operation: JFRSafepointClear done

Memory protections (0 events):
No events

Nmethod flushes (0 events):
No events

Events (15 events):
Event: 0.041 Thread 0x00000209c69c9ee0 Thread added: 0x00000209c69c9ee0
Event: 0.050 Thread 0x00000209c69c9ee0 Thread added: 0x00000209c6b46f20
Event: 0.050 Thread 0x00000209c69c9ee0 Thread added: 0x00000209c6b47860
Event: 0.050 Thread 0x00000209c69c9ee0 Thread added: 0x00000209c6b4e3c0
Event: 0.050 Thread 0x00000209c69c9ee0 Thread added: 0x00000209d491e700
Event: 0.050 Thread 0x00000209c69c9ee0 Thread added: 0x00000209d49259f0
Event: 0.050 Thread 0x00000209c69c9ee0 Thread added: 0x00000209d4948120
Event: 0.051 Thread 0x00000209c69c9ee0 Thread added: 0x00000209d49492e0
Event: 0.103 Thread 0x00000209c69c9ee0 Thread added: 0x00000209d49f0310
Event: 0.108 Thread 0x00000209d49492e0 Thread added: 0x00000209d4a28af0
Event: 0.108 Thread 0x00000209d49492e0 Thread added: 0x00000209d4a2b290
Event: 0.108 Thread 0x00000209d49492e0 Thread added: 0x00000209d4a2ba20
Event: 0.218 Thread 0x00000209c69c9ee0 Thread added: 0x0000020a1a3955e0
Event: 0.301 Thread 0x00000209c69c9ee0 Thread added: 0x0000020a1aa71570
Event: 0.481 Thread 0x00000209c69c9ee0 Thread added: 0x0000020a1b9b0f60


Dynamic libraries:
0x00007ff772c00000 - 0x00007ff772c0e000 	C:\Users\bestr\.jdks\openjdk-24\bin\java.exe
0x00007ffb3a4e0000 - 0x00007ffb3a746000 	C:\WINDOWS\SYSTEM32\ntdll.dll
0x00007ffb39690000 - 0x00007ffb39759000 	C:\WINDOWS\System32\KERNEL32.DLL
0x00007ffb37aa0000 - 0x00007ffb37e6c000 	C:\WINDOWS\System32\KERNELBASE.dll
0x00007ffb377d0000 - 0x00007ffb3791b000 	C:\WINDOWS\System32\ucrtbase.dll
0x00007ffaf9340000 - 0x00007ffaf9356000 	C:\Users\bestr\.jdks\openjdk-24\bin\jli.dll
0x00007ffaf9320000 - 0x00007ffaf933b000 	C:\Users\bestr\.jdks\openjdk-24\bin\VCRUNTIME140.dll
0x00007ffb38360000 - 0x00007ffb3852a000 	C:\WINDOWS\System32\USER32.dll
0x00007ffb37fb0000 - 0x00007ffb37fd7000 	C:\WINDOWS\System32\win32u.dll
0x00007ffb00800000 - 0x00007ffb00a9a000 	C:\WINDOWS\WinSxS\amd64_microsoft.windows.common-controls_6595b64144ccf1df_6.0.26100.3912_none_3e07963ce335137e\COMCTL32.dll
0x00007ffb39f60000 - 0x00007ffb39f8b000 	C:\WINDOWS\System32\GDI32.dll
0x00007ffb39f90000 - 0x00007ffb3a039000 	C:\WINDOWS\System32\msvcrt.dll
0x00007ffb37fe0000 - 0x00007ffb38112000 	C:\WINDOWS\System32\gdi32full.dll
0x00007ffb37f00000 - 0x00007ffb37fa3000 	C:\WINDOWS\System32\msvcp_win.dll
0x00007ffb39480000 - 0x00007ffb394b0000 	C:\WINDOWS\System32\IMM32.DLL
0x00007ffaf9310000 - 0x00007ffaf931c000 	C:\Users\bestr\.jdks\openjdk-24\bin\vcruntime140_1.dll
0x00007ffae5590000 - 0x00007ffae561e000 	C:\Users\bestr\.jdks\openjdk-24\bin\msvcp140.dll
0x00007ffa654f0000 - 0x00007ffa66292000 	C:\Users\bestr\.jdks\openjdk-24\bin\server\jvm.dll
0x00007ffb3a0f0000 - 0x00007ffb3a1a2000 	C:\WINDOWS\System32\ADVAPI32.dll
0x00007ffb382b0000 - 0x00007ffb38356000 	C:\WINDOWS\System32\sechost.dll
0x00007ffb39570000 - 0x00007ffb39686000 	C:\WINDOWS\System32\RPCRT4.dll
0x00007ffb3a070000 - 0x00007ffb3a0e4000 	C:\WINDOWS\System32\WS2_32.dll
0x00007ffb27ab0000 - 0x00007ffb27abb000 	C:\WINDOWS\SYSTEM32\VERSION.dll
0x00007ffb36ac0000 - 0x00007ffb36b1e000 	C:\WINDOWS\SYSTEM32\POWRPROF.dll
0x00007ffb2bfd0000 - 0x00007ffb2c006000 	C:\WINDOWS\SYSTEM32\WINMM.dll
0x00007ffb36aa0000 - 0x00007ffb36ab4000 	C:\WINDOWS\SYSTEM32\UMPDC.dll
0x00007ffb363f0000 - 0x00007ffb3640a000 	C:\WINDOWS\SYSTEM32\kernel.appcore.dll
0x00007ffaf9300000 - 0x00007ffaf930a000 	C:\Users\bestr\.jdks\openjdk-24\bin\jimage.dll
0x00007ffb346b0000 - 0x00007ffb348f1000 	C:\WINDOWS\SYSTEM32\DBGHELP.DLL
0x00007ffb38770000 - 0x00007ffb38af4000 	C:\WINDOWS\System32\combase.dll
0x00007ffb39800000 - 0x00007ffb398e0000 	C:\WINDOWS\System32\OLEAUT32.dll
0x00007ffafdd90000 - 0x00007ffafddc9000 	C:\WINDOWS\SYSTEM32\dbgcore.DLL
0x00007ffb37670000 - 0x00007ffb37709000 	C:\WINDOWS\System32\bcryptPrimitives.dll
0x00007ffaf68c0000 - 0x00007ffaf68cf000 	C:\Users\bestr\.jdks\openjdk-24\bin\instrument.dll
0x00007ffaf68a0000 - 0x00007ffaf68be000 	C:\Users\bestr\.jdks\openjdk-24\bin\java.dll
0x00007ffb38530000 - 0x00007ffb386cf000 	C:\WINDOWS\System32\ole32.dll
0x00007ffb38c00000 - 0x00007ffb3932d000 	C:\WINDOWS\System32\SHELL32.dll
0x00007ffb38120000 - 0x00007ffb38294000 	C:\WINDOWS\System32\wintypes.dll
0x00007ffad6b50000 - 0x00007ffad6dc7000 	C:\Users\bestr\AppData\Local\Temp\idea_libasyncProfiler_dll_temp_folder\libasyncProfiler.dll
0x00007ffb352c0000 - 0x00007ffb35b16000 	C:\WINDOWS\SYSTEM32\windows.storage.dll
0x00007ffb38b00000 - 0x00007ffb38bef000 	C:\WINDOWS\System32\SHCORE.dll
0x00007ffb39790000 - 0x00007ffb397f9000 	C:\WINDOWS\System32\shlwapi.dll
0x00007ffb37580000 - 0x00007ffb375af000 	C:\WINDOWS\SYSTEM32\profapi.dll
0x00007ffaf6330000 - 0x00007ffaf6347000 	C:\Users\bestr\.jdks\openjdk-24\bin\zip.dll
0x00007ffaf6320000 - 0x00007ffaf6330000 	C:\Users\bestr\.jdks\openjdk-24\bin\net.dll
0x00007ffb369b0000 - 0x00007ffb36a1a000 	C:\WINDOWS\system32\mswsock.dll
0x00007ffaf5f10000 - 0x00007ffaf5f26000 	C:\Users\bestr\.jdks\openjdk-24\bin\nio.dll
0x00007ffaf5ef0000 - 0x00007ffaf5f0a000 	C:\Program Files\JetBrains\IntelliJ IDEA 2024.1.4\bin\breakgen64.dll
0x00007ffaf60a0000 - 0x00007ffaf60a9000 	C:\Users\bestr\.jdks\openjdk-24\bin\extnet.dll

dbghelp: loaded successfully - version: 4.0.5 - missing functions: none
symbol engine: initialized successfully - sym options: 0x614 - pdb path: .;C:\Users\bestr\.jdks\openjdk-24\bin;C:\WINDOWS\SYSTEM32;C:\WINDOWS\WinSxS\amd64_microsoft.windows.common-controls_6595b64144ccf1df_6.0.26100.3912_none_3e07963ce335137e;C:\Users\bestr\.jdks\openjdk-24\bin\server;C:\Users\bestr\AppData\Local\Temp\idea_libasyncProfiler_dll_temp_folder;C:\Program Files\JetBrains\IntelliJ IDEA 2024.1.4\bin

VM Arguments:
jvm_args: -XX:TieredStopAtLevel=1 -Dspring.output.ansi.enabled=always -Dcom.sun.management.jmxremote -Dspring.jmx.enabled=true -Dspring.liveBeansView.mbeanDomain -Dspring.application.admin.enabled=true -Dmanagement.endpoints.jmx.exposure.include=* -javaagent:C:\Program Files\JetBrains\IntelliJ IDEA 2024.1.4\lib\idea_rt.jar=50805:C:\Program Files\JetBrains\IntelliJ IDEA 2024.1.4\bin -agentpath:C:\Users\bestr\AppData\Local\Temp\idea_libasyncProfiler_dll_temp_folder\libasyncProfiler.dll=start,jfr,event=wall,interval=10ms,jfrsync=profile,cstack=no,file=C:\Users\bestr\IdeaSnapshots\FinControlApplication_2025_06_03_183931.jfr,dbghelppath=C:\Users\bestr\AppData\Local\Temp\idea_dbghelp_dll_temp_folder\dbghelp.dll,log=C:\Users\bestr\AppData\Local\Temp\FinControlApplication_2025_06_03_183931.jfr.log.txt,logLevel=DEBUG -Dfile.encoding=UTF-8 -Dsun.stdout.encoding=UTF-8 -Dsun.stderr.encoding=UTF-8 
java_command: fincontrol.com.fincontrol.FinControlApplication
java_class_path (initial): C:\Users\bestr\Documents\finControlBack\target\classes;C:\Users\bestr\.m2\repository\org\springframework\boot\spring-boot-starter-data-jpa\3.3.11\spring-boot-starter-data-jpa-3.3.11.jar;C:\Users\bestr\.m2\repository\org\springframework\boot\spring-boot-starter-aop\3.3.11\spring-boot-starter-aop-3.3.11.jar;C:\Users\bestr\.m2\repository\org\aspectj\aspectjweaver\1.9.24\aspectjweaver-1.9.24.jar;C:\Users\bestr\.m2\repository\org\springframework\boot\spring-boot-starter-jdbc\3.3.11\spring-boot-starter-jdbc-3.3.11.jar;C:\Users\bestr\.m2\repository\com\zaxxer\HikariCP\5.1.0\HikariCP-5.1.0.jar;C:\Users\bestr\.m2\repository\org\springframework\spring-jdbc\6.1.19\spring-jdbc-6.1.19.jar;C:\Users\bestr\.m2\repository\org\hibernate\orm\hibernate-core\6.5.3.Final\hibernate-core-6.5.3.Final.jar;C:\Users\bestr\.m2\repository\jakarta\persistence\jakarta.persistence-api\3.1.0\jakarta.persistence-api-3.1.0.jar;C:\Users\bestr\.m2\repository\jakarta\transaction\jakarta.transaction-api\2.0.1\jakarta.transaction-api-2.0.1.jar;C:\Users\bestr\.m2\repository\org\jboss\logging\jboss-logging\3.5.3.Final\jboss-logging-3.5.3.Final.jar;C:\Users\bestr\.m2\repository\org\hibernate\common\hibernate-commons-annotations\6.0.6.Final\hibernate-commons-annotations-6.0.6.Final.jar;C:\Users\bestr\.m2\repository\io\smallrye\jandex\3.1.2\jandex-3.1.2.jar;C:\Users\bestr\.m2\repository\com\fasterxml\classmate\1.7.0\classmate-1.7.0.jar;C:\Users\bestr\.m2\repository\net\bytebuddy\byte-buddy\1.14.19\byte-buddy-1.14.19.jar;C:\Users\bestr\.m2\repository\org\glassfish\jaxb\jaxb-runtime\4.0.5\jaxb-runtime-4.0.5.jar;C:\Users\bestr\.m2\repository\org\glassfish\jaxb\jaxb-core\4.0.5\jaxb-core-4.0.5.jar;C:\Users\bestr\.m2\repository\org\eclipse\angus\angus-activation\2.0.2\angus-activation-2.0.2.jar;C:\Users\bestr\.m2\repository\org\glassfish\jaxb\txw2\4.0.5\txw2-4.0.5.jar;C:\Users\bestr\.m2\repository\com\sun\istack\istack-commons-runtime\4.1.2\istack-commons-runtime-4.1.2.jar;C:\Users\bestr\.m2\repository\jakarta\inject\jakarta.inject-api\2.0.1\jakarta.inject-api-2.0.1.jar;C:\Users\bestr\.m2\repository\org\antlr\antlr4-runtime\4.13.0\antlr4-runtime-4.13.0.jar;C:\Users\bestr\.m2\repository\org\springframework\data\spring-data-jpa\3.3.11\spring-data-jpa-3.3.11.jar;C:\Users\bestr\.m2\repository\org\springframework\data\spring-data-commons\3.3.11\spring-data-commons-3.3.11.jar;C:\Users\bestr\.m2\repository\org\springframework\spring-orm\6.1.19\spring-orm-6.1.19.jar;C:\Users\bestr\.m2\repository\org\springframework\spring-context\6.1.19\spring-context-6.1.19.jar;C:\Users\bestr\.m2\repository\org\springframework\spring-tx\6.1.19\spring-tx-6.1.19.jar;C:\Users\bestr\.m2\repository\org\springframework\spring-beans\6.1.19\spring-beans-6.1.19.jar;C:\Users\bestr\.m2\repository\jakarta\annotation\jakarta.annotation-api\2.1.1\jakarta.annotation-api-2.1.1.jar;C:\Users\bestr\.m2\repository\org\slf4j\slf4j-api\2.0.17\slf4j-api-2.0.17.jar;C:\Users\bestr\.m2\repository\org\springframework\spring-aspects\6.1.19\spring-aspects-6.1.19.jar;C:\Users\bestr\.m2\repository\org\springframework\boot\spring-boot-starter-oauth2-resource-server\3.3.11\spring-boot-starter-oauth2-resource-server-3.3.11.jar;C:\Users\bestr\.m2\repository\org\springframework\boot\spring-boot-starter\3.3.11\spring-boot-starter-3.3.11.jar;C:\Users\bestr\.m2\repository\org\springframework\boot\spring-boot-starter-logging\3.3.11\spring-boot-starter-logging-3.3.11.jar;C:\Users\bestr\.m2\repository\ch\qos\logback\logback-classic\1.5.18\logback-classic-1.5.18.jar;C:\Users\bestr\.m2\repository\ch\qos\logback\logback-core\1.5.18\logback-core-1.5.18.jar;C:\Users\bestr\.m2\repository\org\apache\logging\log4j\log4j-to-slf4j\2.23.1\log4j-to-slf4j-2.23.1.jar;C:\Users\bestr\.m2\repository\org\apache\logging\log4j\log4j-api\2.23.1\log4j-api-2.23.1.jar;C:\Users\bestr\.m2\repository\org\slf4j\jul-to-slf4j\2.0.17\jul-to-slf4j-2.0.17.jar;C:\Users\bestr\.m2\repository\org\yaml\snakeyaml\2.2\snakeyaml-2.2.jar;C:\Users\bestr\.m2\repository\org\springframework\security\spring-security-config\6.3.9\spring-security-config-6.3.9.jar;C:\Users\bestr\.m2\repository\org\springframework\security\spring-security-core\6.3.9\spring-security-core-6.3.9.jar;C:\Users\bestr\.m2\repository\org\springframework\security\spring-security-crypto\6.3.9\spring-security-crypto-6.3.9.jar;C:\Users\bestr\.m2\repository\org\springframework\spring-expression\6.1.19\spring-expression-6.1.19.jar;C:\Users\bestr\.m2\repository\org\springframework\security\spring-security-oauth2-resource-server\6.3.9\spring-security-oauth2-resource-server-6.3.9.jar;C:\Users\bestr\.m2\repository\org\springframework\security\spring-security-oauth2-core\6.3.9\spring-security-oauth2-core-6.3.9.jar;C:\Users\bestr\.m2\repository\org\springframework\security\spring-security-oauth2-jose\6.3.9\spring-security-oauth2-jose-6.3.9.jar;C:\Users\bestr\.m2\repository\com\nimbusds\nimbus-jose-jwt\9.37.3\nimbus-jose-jwt-9.37.3.jar;C:\Users\bestr\.m2\repository\com\github\stephenc\jcip\jcip-annotations\1.0-1\jcip-annotations-1.0-1.jar;C:\Users\bestr\.m2\repository\org\springframework\boot\spring-boot-starter-security\3.3.11\spring-boot-starter-security-3.3.11.jar;C:\Users\bestr\.m2\repository\org\springframework\spring-aop\6.1.19\spring-aop-6.1.19.jar;C:\Users\bestr\.m2\repository\org\springframework\security\spring-security-web\6.3.9\spring-security-web-6.3.9.jar;C:\Users\bestr\.m2\repository\org\springframework\boot\spring-boot-starter-web\3.3.11\spring-boot-starter-web-3.3.11.jar;C:\Users\bestr\.m2\repository\org\springframework\boot\spring-boot-starter-json\3.3.11\spring-boot-starter-json-3.3.11.jar;C:\Users\bestr\.m2\repository\com\fasterxml\jackson\datatype\jackson-datatype-jdk8\2.17.3\jackson-datatype-jdk8-2.17.3.jar;C:\Users\bestr\.m2\repository\com\fasterxml\jackson\datatype\jackson-datatype-jsr310\2.17.3\jackson-datatype-jsr310-2.17.3.jar;C:\Users\bestr\.m2\repository\com\fasterxml\jackson\module\jackson-module-parameter-names\2.17.3\jackson-module-parameter-names-2.17.3.jar;C:\Users\bestr\.m2\repository\org\springframework\boot\spring-boot-starter-tomcat\3.3.11\spring-boot-starter-tomcat-3.3.11.jar;C:\Users\bestr\.m2\repository\org\apache\tomcat\embed\tomcat-embed-core\10.1.40\tomcat-embed-core-10.1.40.jar;C:\Users\bestr\.m2\repository\org\apache\tomcat\embed\tomcat-embed-websocket\10.1.40\tomcat-embed-websocket-10.1.40.jar;C:\Users\bestr\.m2\repository\org\springframework\spring-web\6.1.19\spring-web-6.1.19.jar;C:\Users\bestr\.m2\repository\org\springframework\spring-webmvc\6.1.19\spring-webmvc-6.1.19.jar;C:\Users\bestr\.m2\repository\org\springframework\boot\spring-boot-starter-validation\3.3.11\spring-boot-starter-validation-3.3.11.jar;C:\Users\bestr\.m2\repository\org\apache\tomcat\embed\tomcat-embed-el\10.1.40\tomcat-embed-el-10.1.40.jar;C:\Users\bestr\.m2\repository\org\hibernate\validator\hibernate-validator\8.0.2.Final\hibernate-validator-8.0.2.Final.jar;C:\Users\bestr\.m2\repository\jakarta\validation\jakarta.validation-api\3.0.2\jakarta.validation-api-3.0.2.jar;C:\Users\bestr\.m2\repository\org\postgresql\postgresql\42.7.5\postgresql-42.7.5.jar;C:\Users\bestr\.m2\repository\org\checkerframework\checker-qual\3.48.3\checker-qual-3.48.3.jar;C:\Users\bestr\.m2\repository\org\projectlombok\lombok\1.18.38\lombok-1.18.38.jar;C:\Users\bestr\.m2\repository\io\jsonwebtoken\jjwt-api\0.11.2\jjwt-api-0.11.2.jar;C:\Users\bestr\.m2\repository\io\jsonwebtoken\jjwt-impl\0.11.2\jjwt-impl-0.11.2.jar;C:\Users\bestr\.m2\repository\io\jsonwebtoken\jjwt-jackson\0.11.2\jjwt-jackson-0.11.2.jar;C:\Users\bestr\.m2\repository\com\fasterxml\jackson\core\jackson-databind\2.17.3\jackson-databind-2.17.3.jar;C:\Users\bestr\.m2\repository\com\fasterxml\jackson\core\jackson-annotations\2.17.3\jackson-annotations-2.17.3.jar;C:\Users\bestr\.m2\repository\com\fasterxml\jackson\core\jackson-core\2.17.3\jackson-core-2.17.3.jar;C:\Users\bestr\.m2\repository\org\springdoc\springdoc-openapi-starter-webmvc-ui\2.1.0\springdoc-openapi-starter-webmvc-ui-2.1.0.jar;C:\Users\bestr\.m2\repository\org\springdoc\springdoc-openapi-starter-webmvc-api\2.1.0\springdoc-openapi-starter-webmvc-api-2.1.0.jar;C:\Users\bestr\.m2\repository\org\springdoc\springdoc-openapi-starter-common\2.1.0\springdoc-openapi-starter-common-2.1.0.jar;C:\Users\bestr\.m2\repository\io\swagger\core\v3\swagger-core-jakarta\2.2.9\swagger-core-jakarta-2.2.9.jar;C:\Users\bestr\.m2\repository\org\apache\commons\commons-lang3\3.14.0\commons-lang3-3.14.0.jar;C:\Users\bestr\.m2\repository\io\swagger\core\v3\swagger-annotations-jakarta\2.2.9\swagger-annotations-jakarta-2.2.9.jar;C:\Users\bestr\.m2\repository\io\swagger\core\v3\swagger-models-jakarta\2.2.9\swagger-models-jakarta-2.2.9.jar;C:\Users\bestr\.m2\repository\com\fasterxml\jackson\dataformat\jackson-dataformat-yaml\2.17.3\jackson-dataformat-yaml-2.17.3.jar;C:\Users\bestr\.m2\repository\org\webjars\swagger-ui\4.18.2\swagger-ui-4.18.2.jar;C:\Users\bestr\.m2\repository\org\springframework\boot\spring-boot-devtools\3.3.11\spring-boot-devtools-3.3.11.jar;C:\Users\bestr\.m2\repository\org\springframework\boot\spring-boot\3.3.11\spring-boot-3.3.11.jar;C:\Users\bestr\.m2\repository\org\springframework\boot\spring-boot-autoconfigure\3.3.11\spring-boot-autoconfigure-3.3.11.jar;C:\Users\bestr\.m2\repository\jakarta\xml\bind\jakarta.xml.bind-api\4.0.2\jakarta.xml.bind-api-4.0.2.jar;C:\Users\bestr\.m2\repository\jakarta\activation\jakarta.activation-api\2.1.3\jakarta.activation-api-2.1.3.jar;C:\Users\bestr\.m2\repository\org\springframework\spring-core\6.1.19\spring-core-6.1.19.jar;C:\Users\bestr\.m2\repository\org\springframework\spring-jcl\6.1.19\spring-jcl-6.1.19.jar;C:\Users\bestr\.m2\repository\org\springframework\boot\spring-boot-starter-actuator\3.3.11\spring-boot-starter-actuator-3.3.11.jar;C:\Users\bestr\.m2\repository\org\springframework\boot\spring-boot-actuator-autoconfigure\3.3.11\spring-boot-actuator-autoconfigure-3.3.11.jar;C:\Users\bestr\.m2\repository\org\springframework\boot\spring-boot-actuator\3.3.11\spring-boot-actuator-3.3.11.jar;C:\Users\bestr\.m2\repository\io\micrometer\micrometer-observation\1.13.13\micrometer-observation-1.13.13.jar;C:\Users\bestr\.m2\repository\io\micrometer\micrometer-commons\1.13.13\micrometer-commons-1.13.13.jar;C:\Users\bestr\.m2\repository\io\micrometer\micrometer-jakarta9\1.13.13\micrometer-jakarta9-1.13.13.jar;C:\Users\bestr\.m2\repository\io\micrometer\micrometer-registry-prometheus\1.13.13\micrometer-registry-prometheus-1.13.13.jar;C:\Users\bestr\.m2\repository\io\micrometer\micrometer-core\1.13.13\micrometer-core-1.13.13.jar;C:\Users\bestr\.m2\repository\org\hdrhistogram\HdrHistogram\2.2.2\HdrHistogram-2.2.2.jar;C:\Users\bestr\.m2\repository\org\latencyutils\LatencyUtils\2.0.3\LatencyUtils-2.0.3.jar;C:\Users\bestr\.m2\repository\io\prometheus\prometheus-metrics-core\1.2.1\prometheus-metrics-core-1.2.1.jar;C:\Users\bestr\.m2\repository\io\prometheus\prometheus-metrics-model\1.2.1\prometheus-metrics-model-1.2.1.jar;C:\Users\bestr\.m2\repository\io\prometheus\prometheus-metrics-config\1.2.1\prometheus-metrics-config-1.2.1.jar;C:\Users\bestr\.m2\repository\io\prometheus\prometheus-metrics-tracer-common\1.2.1\prometheus-metrics-tracer-common-1.2.1.jar;C:\Users\bestr\.m2\repository\io\prometheus\prometheus-metrics-exposition-formats\1.2.1\prometheus-metrics-exposition-formats-1.2.1.jar;C:\Users\bestr\.m2\repository\io\prometheus\prometheus-metrics-shaded-protobuf\1.2.1\prometheus-metrics-shaded-protobuf-1.2.1.jar
Launcher Type: SUN_STANDARD

[Global flags]
     intx CICompilerCount                          = 4                                         {product} {ergonomic}
     uint ConcGCThreads                            = 3                                         {product} {ergonomic}
     bool FlightRecorder                           = true                                      {product} {management}
     uint G1ConcRefinementThreads                  = 10                                        {product} {ergonomic}
   size_t G1HeapRegionSize                         = 4194304                                   {product} {ergonomic}
   size_t InitialHeapSize                          = 398458880                                 {product} {ergonomic}
     bool ManagementServer                         = true                                      {product} {command line}
   size_t MarkStackSize                            = 4194304                                   {product} {ergonomic}
   size_t MarkStackSizeMax                         = 536870912                                 {product} {ergonomic}
   size_t MaxHeapSize                              = 6366953472                                {product} {ergonomic}
   size_t MaxNewSize                               = 3816816640                                {product} {ergonomic}
   size_t MinHeapDeltaBytes                        = 4194304                                   {product} {ergonomic}
   size_t MinHeapSize                              = 8388608                                   {product} {ergonomic}
    uintx NonNMethodCodeHeapSize                   = 4096                                   {pd product} {ergonomic}
    uintx NonProfiledCodeHeapSize                  = 0                                      {pd product} {ergonomic}
     bool ProfileInterpreter                       = false                                  {pd product} {command line}
    uintx ProfiledCodeHeapSize                     = 0                                      {pd product} {ergonomic}
   size_t SoftMaxHeapSize                          = 6366953472                             {manageable} {ergonomic}
     intx TieredStopAtLevel                        = 1                                         {product} {command line}
     bool UseCompressedOops                        = true                           {product lp64_product} {ergonomic}
     bool UseG1GC                                  = true                                      {product} {ergonomic}
     bool UseLargePagesIndividualAllocation        = false                                  {pd product} {ergonomic}

Logging:
Log output configuration:
 #0: stdout all=warning uptime,level,tags foldmultilines=false
 #1: stderr all=off uptime,level,tags foldmultilines=false

Environment Variables:
JAVA_HOME=C:\Program Files\Eclipse Adoptium\jdk-17.0.15.6-hotspot
PATH=C:\Program Files\Eclipse Adoptium\jdk-17.0.15.6-hotspot\bin;C:\Program Files (x86)\Razer\ChromaBroadcast\bin;C:\Program Files\Razer\ChromaBroadcast\bin;C:\Program Files\Eclipse Adoptium\jdk-21.0.5.11-hotspot\bin;C:\Program Files\Common Files\Oracle\Java\javapath;C:\Python312\Scripts\;C:\Python312\;C:\Program Files (x86)\Common Files\Oracle\Java\java8path;C:\Program Files (x86)\Common Files\Oracle\Java\javapath;C:\Windows\system32;C:\Windows;C:\Windows\System32\Wbem;C:\Windows\System32\WindowsPowerShell\v1.0\;C:\Windows\System32\OpenSSH\;C:\Program Files (x86)\NVIDIA Corporation\PhysX\Common;C:\Program Files\NVIDIA Corporation\NVIDIA NvDLISR;C:\Program Files\dotnet\;C:\Program Files\nodejs\;C:\ProgramData\chocolatey\bin;C:\Program Files (x86)\QuickTime\QTSystem\;C:\Users\bestr\AppData\Local\Microsoft\WindowsApps;D:\Microsoft VS Code\bin;C:\Users\bestr\AppData\Roaming\npm;C:\Program Files\JetBrains\IntelliJ IDEA Community Edition 2024.1.4\bin;C:\Program Files\JetBrains\IntelliJ IDEA 2024.1.4\bin;C:\MinGW\bin;C:\Program Files\JetBrains\DataGrip 2024.2.2\bin;C:\Program Files\Git\cmd;C:\Program Files\Cloudflare\Cloudflare WARP\;C:\WINDOWS\system32;C:\WINDOWS;C:\WINDOWS\System32\Wbem;C:\WINDOWS\System32\WindowsPowerShell\v1.0\;C:\WINDOWS\System32\OpenSSH\;C:\Users\bestr\Documents\maven-mvnd-1.0.2-windows-amd64\bin;C:\Program Files\Eclipse Adoptium\jdk-21.0.5.11-hotspot\bin;C:\Program Files\Eclipse Adoptium\jdk-17.0.15.6-hotspot\bin;C:\Users\bestr\AppData\Local\Microsoft\WindowsApps;D:\Microsoft VS Code\bin;C:\Users\bestr\AppData\Roaming\npm;C:\Program Files\JetBrains\IntelliJ IDEA Community Edition 2024.1.4\bin;;C:\Program Files\JetBrains\IntelliJ IDEA 2024.1.4\bin;;C:\MinGW\bin;C:\Program Files\JetBrains\DataGrip 2024.2.2\bin;;C:\Users\bestr\Documents\maven-mvnd-1.0.2-windows-amd64\bin;C:\Program Files\Eclipse Adoptium\jdk-21.0.5.11-hotspot\bin;C:\Users\bestr\AppData\Local\Programs\cursor\resources\app\bin;C:\Program Files\Eclipse Adoptium\jdk-17.0.15.6-hotspot\bin;
USERNAME=bestr
OS=Windows_NT
PROCESSOR_IDENTIFIER=Intel64 Family 6 Model 154 Stepping 3, GenuineIntel
TMP=C:\Users\bestr\AppData\Local\Temp
TEMP=C:\Users\bestr\AppData\Local\Temp




Periodic native trim disabled

---------------  S Y S T E M  ---------------

OS:
 Windows 11 , 64 bit Build 26100 (10.0.26100.3912)
OS uptime: 5 days 15:07 hours
Hyper-V role detected

CPU: total 12 (initial active 12) (6 cores per cpu, 2 threads per core) family 6 model 154 stepping 3 microcode 0x423, cx8, cmov, fxsr, ht, mmx, 3dnowpref, sse, sse2, sse3, ssse3, sse4.1, sse4.2, popcnt, lzcnt, tsc, tscinvbit, avx, avx2, aes, erms, clmul, bmi1, bmi2, adx, sha, fma, vzeroupper, clflush, clflushopt, clwb, hv, serialize, rdtscp, rdpid, fsrm, gfni, f16c, cet_ibt, cet_ss
Processor Information for processor 0
  Max Mhz: 2500, Current Mhz: 1500, Mhz Limit: 2500
Processor Information for processor 1
  Max Mhz: 2500, Current Mhz: 2500, Mhz Limit: 2500
Processor Information for processor 2
  Max Mhz: 2500, Current Mhz: 1500, Mhz Limit: 2500
Processor Information for processor 3
  Max Mhz: 2500, Current Mhz: 2500, Mhz Limit: 2500
Processor Information for processor 4
  Max Mhz: 2500, Current Mhz: 2500, Mhz Limit: 2500
Processor Information for processor 5
  Max Mhz: 2500, Current Mhz: 2500, Mhz Limit: 2500
Processor Information for processor 6
  Max Mhz: 2500, Current Mhz: 2500, Mhz Limit: 2500
Processor Information for processor 7
  Max Mhz: 2500, Current Mhz: 2500, Mhz Limit: 2500
Processor Information for processor 8
  Max Mhz: 2500, Current Mhz: 1875, Mhz Limit: 1875
Processor Information for processor 9
  Max Mhz: 2500, Current Mhz: 1875, Mhz Limit: 1875
Processor Information for processor 10
  Max Mhz: 2500, Current Mhz: 1875, Mhz Limit: 1875
Processor Information for processor 11
  Max Mhz: 2500, Current Mhz: 1875, Mhz Limit: 1875

Memory: 4k page, system-wide physical 24280M (6147M free)
TotalPageFile size 40664M (AvailPageFile size 17127M)
current process WorkingSet (physical memory assigned to process): 79M, peak: 79M
current process commit charge ("private bytes"): 517M, peak: 517M

vm_info: OpenJDK 64-Bit Server VM (24+36-3646) for windows-amd64 JRE (24+36-3646), built on 2025-02-06T00:20:43Z with MS VC++ 17.6 (VS2022)

END.
